#
# There is insufficient memory for the Java Runtime Environment to continue.
# Native memory allocation (malloc) failed to allocate 32744 bytes. Error detail: Chunk::new
# Possible reasons:
#   The system is out of physical RAM or swap space
#   This process is running with CompressedOops enabled, and the Java Heap may be blocking the growth of the native heap
# Possible solutions:
#   Reduce memory load on the system
#   Increase physical memory or swap space
#   Check if swap backing store is full
#   Decrease Java heap size (-Xmx/-Xms)
#   Decrease number of Java threads
#   Decrease Java thread stack sizes (-Xss)
#   Set larger code cache with -XX:ReservedCodeCacheSize=
#   JVM is running with Unscaled Compressed Oops mode in which the Java heap is
#     placed in the first 4GB address space. The Java Heap base address is the
#     maximum limit for the native heap growth. Please use -XX:HeapBaseMinAddress
#     to set the Java Heap base and to place the Java Heap above 4GB virtual address.
# This output file may be truncated or incomplete.
#
#  Out of Memory Error (arena.cpp:168), pid=15712, tid=9052
#
# JRE version: OpenJDK Runtime Environment Temurin-21.0.10+7 (21.0.10+7) (build 21.0.10+7-LTS)
# Java VM: OpenJDK 64-Bit Server VM Temurin-21.0.10+7 (21.0.10+7-LTS, mixed mode, sharing, tiered, compressed oops, compressed class ptrs, parallel gc, windows-amd64)
# No core dump will be written. Minidumps are not enabled by default on client versions of Windows
#

---------------  S U M M A R Y ------------

Command Line: --add-modules=ALL-SYSTEM --add-opens=java.base/java.util=ALL-UNNAMED --add-opens=java.base/java.lang=ALL-UNNAMED --add-opens=java.base/sun.nio.fs=ALL-UNNAMED -Declipse.application=org.eclipse.jdt.ls.core.id1 -Dosgi.bundles.defaultStartLevel=4 -Declipse.product=org.eclipse.jdt.ls.core.product -Djava.import.generatesMetadataFilesAtProjectRoot=false -DDetectVMInstallationsJob.disabled=true -Dfile.encoding=utf8 -XX:+UseParallelGC -XX:GCTimeRatio=4 -XX:AdaptiveSizePolicyWeight=90 -Dsun.zip.disableMemoryMapping=true -Xmx2G -Xms100m -Xlog:disable -javaagent:c:\Users\jenny\.vscode\extensions\redhat.java-1.54.0-win32-x64\lombok\lombok-1.18.39-4050.jar c:\Users\jenny\.vscode\extensions\redhat.java-1.54.0-win32-x64\server\plugins\org.eclipse.equinox.launcher_1.7.100.v20251111-0406.jar -configuration c:\Users\jenny\AppData\Roaming\Code\User\globalStorage\redhat.java\1.54.0\config_ss_win -data c:\Users\jenny\AppData\Roaming\Code\User\workspaceStorage\20bad1af7d90c399d68b6e096fc4476d\redhat.java\ss_ws --pipe=\\.\pipe\lsp-e544e5cb9b29d92ebfb3c17001f2097c-sock

Host: AMD Ryzen 7 5800H with Radeon Graphics         , 16 cores, 15G,  Windows 11 , 64 bit Build 26100 (10.0.26100.8246)
Time: Sat Apr 25 20:29:52 2026 Västeuropa, sommartid elapsed time: 1.403218 seconds (0d 0h 0m 1s)

---------------  T H R E A D  ---------------

Current thread (0x000001d5d7e27f70):  JavaThread "C2 CompilerThread0" daemon [_thread_in_native, id=9052, stack(0x000000aae3c00000,0x000000aae3d00000) (1024K)]


Current CompileTask:
C2:1403  720       4       lombok.patcher.scripts.MethodLevelPatchScript::patch (21 bytes)

Stack: [0x000000aae3c00000,0x000000aae3d00000]
Native frames: (J=compiled Java code, j=interpreted, Vv=VM code, C=native code)
V  [jvm.dll+0x6d7a39]
V  [jvm.dll+0x8b4b26]
V  [jvm.dll+0x8b70de]
V  [jvm.dll+0x8b77c3]
V  [jvm.dll+0x284346]
V  [jvm.dll+0xc66ed]
V  [jvm.dll+0xc6c31]
V  [jvm.dll+0x65f8dd]
V  [jvm.dll+0x65fa6b]
V  [jvm.dll+0x66573b]
V  [jvm.dll+0x666736]
V  [jvm.dll+0x664a7b]
V  [jvm.dll+0x24c3db]
V  [jvm.dll+0x24bb40]
V  [jvm.dll+0x1cb34e]
V  [jvm.dll+0x25b85d]
V  [jvm.dll+0x259dea]
V  [jvm.dll+0x3f857e]
V  [jvm.dll+0x85f59d]
V  [jvm.dll+0x6d626d]
C  [ucrtbase.dll+0x37b0]
C  [KERNEL32.DLL+0x2e8d7]
C  [ntdll.dll+0x8c3fc]


---------------  P R O C E S S  ---------------

Threads class SMR info:
_java_thread_list=0x000001d5f13f7970, length=16, elements={
0x000001d5d7d6d190, 0x000001d5d7d1db20, 0x000001d5d7e17310, 0x000001d5d7e19660,
0x000001d5d7e1a340, 0x000001d5d7e1c300, 0x000001d5d7e21370, 0x000001d5d7e27f70,
0x000001d5d7e2c5b0, 0x000001d5efbeb110, 0x000001d5efbedae0, 0x000001d5efd48a20,
0x000001d5efda6090, 0x000001d5efd676e0, 0x000001d5efe54010, 0x000001d5f13d80d0
}

Java Threads: ( => current thread )
  0x000001d5d7d6d190 JavaThread "main"                              [_thread_in_native, id=30008, stack(0x000000aae3200000,0x000000aae3300000) (1024K)]
  0x000001d5d7d1db20 JavaThread "Reference Handler"          daemon [_thread_blocked, id=20264, stack(0x000000aae3600000,0x000000aae3700000) (1024K)]
  0x000001d5d7e17310 JavaThread "Finalizer"                  daemon [_thread_blocked, id=19812, stack(0x000000aae3700000,0x000000aae3800000) (1024K)]
  0x000001d5d7e19660 JavaThread "Signal Dispatcher"          daemon [_thread_blocked, id=31648, stack(0x000000aae3800000,0x000000aae3900000) (1024K)]
  0x000001d5d7e1a340 JavaThread "Attach Listener"            daemon [_thread_blocked, id=1248, stack(0x000000aae3900000,0x000000aae3a00000) (1024K)]
  0x000001d5d7e1c300 JavaThread "Service Thread"             daemon [_thread_blocked, id=21040, stack(0x000000aae3a00000,0x000000aae3b00000) (1024K)]
  0x000001d5d7e21370 JavaThread "Monitor Deflation Thread"   daemon [_thread_blocked, id=29788, stack(0x000000aae3b00000,0x000000aae3c00000) (1024K)]
=>0x000001d5d7e27f70 JavaThread "C2 CompilerThread0"         daemon [_thread_in_native, id=9052, stack(0x000000aae3c00000,0x000000aae3d00000) (1024K)]
  0x000001d5d7e2c5b0 JavaThread "C1 CompilerThread0"         daemon [_thread_blocked, id=27604, stack(0x000000aae3d00000,0x000000aae3e00000) (1024K)]
  0x000001d5efbeb110 JavaThread "C1 CompilerThread1"         daemon [_thread_blocked, id=18536, stack(0x000000aae3e00000,0x000000aae3f00000) (1024K)]
  0x000001d5efbedae0 JavaThread "C1 CompilerThread2"         daemon [_thread_blocked, id=7388, stack(0x000000aae3f00000,0x000000aae4000000) (1024K)]
  0x000001d5efd48a20 JavaThread "Common-Cleaner"             daemon [_thread_blocked, id=12832, stack(0x000000aae4100000,0x000000aae4200000) (1024K)]
  0x000001d5efda6090 JavaThread "C1 CompilerThread3"         daemon [_thread_blocked, id=31776, stack(0x000000aae4200000,0x000000aae4300000) (1024K)]
  0x000001d5efd676e0 JavaThread "Notification Thread"        daemon [_thread_blocked, id=34180, stack(0x000000aae4000000,0x000000aae4100000) (1024K)]
  0x000001d5efe54010 JavaThread "C2 CompilerThread1"         daemon [_thread_in_native, id=5912, stack(0x000000aae4300000,0x000000aae4400000) (1024K)]
  0x000001d5f13d80d0 JavaThread "C2 CompilerThread2"         daemon [_thread_in_native, id=14392, stack(0x000000aae4400000,0x000000aae4500000) (1024K)]
Total: 16

Other Threads:
  0x000001d5d7e11990 VMThread "VM Thread"                           [id=27356, stack(0x000000aae3500000,0x000000aae3600000) (1024K)]
  0x000001d5d7bfca10 WatcherThread "VM Periodic Task Thread"        [id=3212, stack(0x000000aae3400000,0x000000aae3500000) (1024K)]
  0x000001d5d7d8c910 WorkerThread "GC Thread#0"                     [id=21276, stack(0x000000aae3300000,0x000000aae3400000) (1024K)]
Total: 3

Threads with active compile tasks:
C2 CompilerThread0  1470  720       4       lombok.patcher.scripts.MethodLevelPatchScript::patch (21 bytes)
C2 CompilerThread1  1470  784 %     4       sun.security.provider.SHA2::implCompress0 @ 204 (448 bytes)
C2 CompilerThread2  1470  721       4       lombok.patcher.PatchScript::classMatches (41 bytes)
Total: 3

VM state: not at safepoint (normal execution)

VM Mutex/Monitor currently owned by a thread: None

Heap address: 0x0000000080000000, size: 2048 MB, Compressed Oops mode: 32-bit

CDS archive(s) mapped at: [0x000001d580000000-0x000001d580ba0000-0x000001d580ba0000), size 12189696, SharedBaseAddress: 0x000001d580000000, ArchiveRelocationMode: 1.
Compressed class space mapped at: 0x000001d581000000-0x000001d5c1000000, reserved size: 1073741824
Narrow klass base: 0x000001d580000000, Narrow klass shift: 0, Narrow klass range: 0x100000000

GC Precious Log:
 CardTable entry size: 512
 CPUs: 16 total, 16 available
 Memory: 15713M
 Large Page Support: Disabled
 NUMA Support: Disabled
 Compressed Oops: Enabled (32-bit)
 Alignments: Space 512K, Generation 512K, Heap 2M
 Heap Min Capacity: 100M
 Heap Initial Capacity: 100M
 Heap Max Capacity: 2G
 Pre-touch: Disabled
 Parallel Workers: 13

Heap:
 PSYoungGen      total 29696K, used 17104K [0x00000000d5580000, 0x00000000d7680000, 0x0000000100000000)
  eden space 25600K, 66% used [0x00000000d5580000,0x00000000d6634000,0x00000000d6e80000)
  from space 4096K, 0% used [0x00000000d7280000,0x00000000d7280000,0x00000000d7680000)
  to   space 4096K, 0% used [0x00000000d6e80000,0x00000000d6e80000,0x00000000d7280000)
 ParOldGen       total 68608K, used 0K [0x0000000080000000, 0x0000000084300000, 0x00000000d5580000)
  object space 68608K, 0% used [0x0000000080000000,0x0000000080000000,0x0000000084300000)
 Metaspace       used 3056K, committed 3200K, reserved 1114112K
  class space    used 312K, committed 384K, reserved 1048576K

Card table byte_map: [0x000001d5d7710000,0x000001d5d7b20000] _byte_map_base: 0x000001d5d7310000

Marking Bits: (ParMarkBitMap*) 0x00007ffa41d33450
 Begin Bits: [0x000001d5ea220000, 0x000001d5ec220000)
 End Bits:   [0x000001d5ec220000, 0x000001d5ee220000)

Polling page: 0x000001d5d5b80000

Metaspace:

Usage:
  Non-class:      2.68 MB used.
      Class:    312.19 KB used.
       Both:      2.98 MB used.

Virtual space:
  Non-class space:       64.00 MB reserved,       2.75 MB (  4%) committed,  1 nodes.
      Class space:        1.00 GB reserved,     384.00 KB ( <1%) committed,  1 nodes.
             Both:        1.06 GB reserved,       3.12 MB ( <1%) committed. 

Chunk freelists:
   Non-Class:  11.57 MB
       Class:  15.66 MB
        Both:  27.23 MB

MaxMetaspaceSize: unlimited
CompressedClassSpaceSize: 1.00 GB
Initial GC threshold: 21.00 MB
Current GC threshold: 21.00 MB
CDS: on
 - commit_granule_bytes: 65536.
 - commit_granule_words: 8192.
 - virtual_space_node_default_size: 8388608.
 - enlarge_chunks_in_place: 1.
 - use_allocation_guard: 0.


Internal statistics:

num_allocs_failed_limit: 0.
num_arena_births: 84.
num_arena_deaths: 0.
num_vsnodes_births: 2.
num_vsnodes_deaths: 0.
num_space_committed: 50.
num_space_uncommitted: 0.
num_chunks_returned_to_freelist: 0.
num_chunks_taken_from_freelist: 112.
num_chunk_merges: 0.
num_chunk_splits: 77.
num_chunks_enlarged: 48.
num_inconsistent_stats: 0.

CodeHeap 'non-profiled nmethods': size=119168Kb used=280Kb max_used=280Kb free=118887Kb
 bounds [0x000001d5e2b10000, 0x000001d5e2d80000, 0x000001d5e9f70000]
CodeHeap 'profiled nmethods': size=119104Kb used=1237Kb max_used=1237Kb free=117866Kb
 bounds [0x000001d5daf70000, 0x000001d5db1e0000, 0x000001d5e23c0000]
CodeHeap 'non-nmethods': size=7488Kb used=2875Kb max_used=2889Kb free=4613Kb
 bounds [0x000001d5e23c0000, 0x000001d5e26a0000, 0x000001d5e2b10000]
CodeCache: size=245760Kb, used=4392Kb, max_used=4406Kb, free=241366Kb
 total_blobs=1232, nmethods=786, adapters=350, full_count=0
Compilation: enabled, stopped_count=0, restarted_count=0

Compilation events (20 events):
Event: 1.366 Thread 0x000001d5efbedae0  750       3       java.lang.invoke.VarHandle::checkAccessModeThenIsDirect (29 bytes)
Event: 1.366 Thread 0x000001d5d7e2c5b0  751       3       java.lang.invoke.VarHandle::accessModeType (41 bytes)
Event: 1.366 Thread 0x000001d5efda6090 nmethod 747 0x000001d5db08a810 code [0x000001d5db08aa00, 0x000001d5db08ae88]
Event: 1.366 Thread 0x000001d5efda6090  752       3       java.lang.invoke.VarForm::getMemberName (38 bytes)
Event: 1.366 Thread 0x000001d5efda6090 nmethod 752 0x000001d5db08b010 code [0x000001d5db08b1e0, 0x000001d5db08b530]
Event: 1.366 Thread 0x000001d5efda6090  753       3       java.lang.invoke.VarHandleByteArrayAsInts$ArrayHandle::index (12 bytes)
Event: 1.367 Thread 0x000001d5efbeb110  749       3       jdk.internal.misc.Unsafe::getIntUnaligned (12 bytes)
Event: 1.367 Thread 0x000001d5efbedae0 nmethod 750 0x000001d5db08b710 code [0x000001d5db08b920, 0x000001d5db08c188]
Event: 1.367 Thread 0x000001d5efda6090 nmethod 753 0x000001d5db08c490 code [0x000001d5db08c640, 0x000001d5db08c788]
Event: 1.367 Thread 0x000001d5efbeb110 nmethod 749 0x000001d5db08c890 code [0x000001d5db08ca40, 0x000001d5db08cc98]
Event: 1.367 Thread 0x000001d5d7e2c5b0 nmethod 751 0x000001d5db08cd90 code [0x000001d5db08cf80, 0x000001d5db08d6b0]
Event: 1.368 Thread 0x000001d5efda6090  754       1       java.lang.invoke.MethodHandleImpl::isCompileConstant (2 bytes)
Event: 1.369 Thread 0x000001d5efda6090 nmethod 754 0x000001d5e2b50f90 code [0x000001d5e2b51120, 0x000001d5e2b511c8]
Event: 1.371 Thread 0x000001d5efda6090  755       3       java.lang.invoke.VarHandleGuards::guard_LI_I (78 bytes)
Event: 1.371 Thread 0x000001d5efbeb110  756       3       java.lang.invoke.VarHandleByteArrayAsInts$ArrayHandle::get (36 bytes)
Event: 1.371 Thread 0x000001d5efbeb110 nmethod 756 0x000001d5db08d910 code [0x000001d5db08dae0, 0x000001d5db08df08]
Event: 1.373 Thread 0x000001d5efda6090 nmethod 755 0x000001d5db08e090 code [0x000001d5db08e3c0, 0x000001d5db08fcd0]
Event: 1.376 Thread 0x000001d5efbeb110  758       3       java.math.MutableBigInteger::unsignedLongCompare (20 bytes)
Event: 1.376 Thread 0x000001d5efbeb110 nmethod 758 0x000001d5db090490 code [0x000001d5db090620, 0x000001d5db090790]
Event: 1.377 Thread 0x000001d5efe54010  759       4       java.math.BigInteger::implMulAdd (81 bytes)

GC Heap History (0 events):
No events

Dll operation events (8 events):
Event: 0.207 Loaded shared library c:\Users\jenny\.vscode\extensions\redhat.java-1.54.0-win32-x64\jre\21.0.10-win32-x86_64\bin\java.dll
Event: 0.438 Loaded shared library c:\Users\jenny\.vscode\extensions\redhat.java-1.54.0-win32-x64\jre\21.0.10-win32-x86_64\bin\zip.dll
Event: 0.492 Loaded shared library C:\Users\jenny\.vscode\extensions\redhat.java-1.54.0-win32-x64\jre\21.0.10-win32-x86_64\bin\instrument.dll
Event: 0.530 Loaded shared library C:\Users\jenny\.vscode\extensions\redhat.java-1.54.0-win32-x64\jre\21.0.10-win32-x86_64\bin\net.dll
Event: 0.561 Loaded shared library C:\Users\jenny\.vscode\extensions\redhat.java-1.54.0-win32-x64\jre\21.0.10-win32-x86_64\bin\nio.dll
Event: 0.567 Loaded shared library C:\Users\jenny\.vscode\extensions\redhat.java-1.54.0-win32-x64\jre\21.0.10-win32-x86_64\bin\zip.dll
Event: 0.609 Loaded shared library C:\Users\jenny\.vscode\extensions\redhat.java-1.54.0-win32-x64\jre\21.0.10-win32-x86_64\bin\jimage.dll
Event: 0.805 Loaded shared library c:\Users\jenny\.vscode\extensions\redhat.java-1.54.0-win32-x64\jre\21.0.10-win32-x86_64\bin\verify.dll

Deoptimization events (20 events):
Event: 1.394 Thread 0x000001d5d7d6d190 DEOPT PACKING pc=0x000001d5db083184 sp=0x000000aae32fd560
Event: 1.394 Thread 0x000001d5d7d6d190 DEOPT UNPACKING pc=0x000001d5e2414242 sp=0x000000aae32fc9b8 mode 0
Event: 1.397 Thread 0x000001d5d7d6d190 DEOPT PACKING pc=0x000001d5db083184 sp=0x000000aae32fd5f0
Event: 1.397 Thread 0x000001d5d7d6d190 DEOPT UNPACKING pc=0x000001d5e2414242 sp=0x000000aae32fca48 mode 0
Event: 1.397 Thread 0x000001d5d7d6d190 DEOPT PACKING pc=0x000001d5db083184 sp=0x000000aae32fd5f0
Event: 1.397 Thread 0x000001d5d7d6d190 DEOPT UNPACKING pc=0x000001d5e2414242 sp=0x000000aae32fca48 mode 0
Event: 1.397 Thread 0x000001d5d7d6d190 DEOPT PACKING pc=0x000001d5db083184 sp=0x000000aae32fd560
Event: 1.397 Thread 0x000001d5d7d6d190 DEOPT UNPACKING pc=0x000001d5e2414242 sp=0x000000aae32fc9b8 mode 0
Event: 1.398 Thread 0x000001d5d7d6d190 DEOPT PACKING pc=0x000001d5db083184 sp=0x000000aae32fd5f0
Event: 1.398 Thread 0x000001d5d7d6d190 DEOPT UNPACKING pc=0x000001d5e2414242 sp=0x000000aae32fca48 mode 0
Event: 1.398 Thread 0x000001d5d7d6d190 DEOPT PACKING pc=0x000001d5db083184 sp=0x000000aae32fd5f0
Event: 1.398 Thread 0x000001d5d7d6d190 DEOPT UNPACKING pc=0x000001d5e2414242 sp=0x000000aae32fca48 mode 0
Event: 1.398 Thread 0x000001d5d7d6d190 DEOPT PACKING pc=0x000001d5db083184 sp=0x000000aae32fd560
Event: 1.398 Thread 0x000001d5d7d6d190 DEOPT UNPACKING pc=0x000001d5e2414242 sp=0x000000aae32fc9b8 mode 0
Event: 1.399 Thread 0x000001d5d7d6d190 DEOPT PACKING pc=0x000001d5db083184 sp=0x000000aae32fd5f0
Event: 1.399 Thread 0x000001d5d7d6d190 DEOPT UNPACKING pc=0x000001d5e2414242 sp=0x000000aae32fca48 mode 0
Event: 1.399 Thread 0x000001d5d7d6d190 DEOPT PACKING pc=0x000001d5db083184 sp=0x000000aae32fd5f0
Event: 1.399 Thread 0x000001d5d7d6d190 DEOPT UNPACKING pc=0x000001d5e2414242 sp=0x000000aae32fca48 mode 0
Event: 1.399 Thread 0x000001d5d7d6d190 DEOPT PACKING pc=0x000001d5db083184 sp=0x000000aae32fd560
Event: 1.399 Thread 0x000001d5d7d6d190 DEOPT UNPACKING pc=0x000001d5e2414242 sp=0x000000aae32fc9b8 mode 0

Classes loaded (20 events):
Event: 1.336 Loading class sun/security/pkcs/PKCS8Key done
Event: 1.336 Loading class sun/security/rsa/RSAPrivateKeyImpl done
Event: 1.336 Loading class sun/security/rsa/RSAPrivateCrtKeyImpl
Event: 1.336 Loading class java/security/interfaces/RSAPrivateCrtKey
Event: 1.336 Loading class java/security/interfaces/RSAPrivateCrtKey done
Event: 1.336 Loading class sun/security/rsa/RSAPrivateCrtKeyImpl done
Event: 1.336 Loading class sun/security/rsa/RSACore
Event: 1.337 Loading class sun/security/rsa/RSACore done
Event: 1.337 Loading class sun/security/rsa/RSAPadding
Event: 1.337 Loading class sun/security/rsa/RSAPadding done
Event: 1.338 Loading class java/math/MutableBigInteger
Event: 1.339 Loading class java/math/MutableBigInteger done
Event: 1.359 Loading class sun/security/provider/certpath/X509CertPath
Event: 1.361 Loading class java/security/cert/CertPath
Event: 1.361 Loading class java/security/cert/CertPath done
Event: 1.361 Loading class sun/security/provider/certpath/X509CertPath done
Event: 1.363 Loading class sun/security/timestamp/TimestampToken
Event: 1.364 Loading class sun/security/timestamp/TimestampToken done
Event: 1.366 Loading class java/security/Timestamp
Event: 1.367 Loading class java/security/Timestamp done

Classes unloaded (0 events):
No events

Classes redefined (0 events):
No events

Internal exceptions (12 events):
Event: 0.390 Thread 0x000001d5d7d6d190 Exception <a 'java/lang/NoSuchMethodError'{0x00000000d57a9aa8}: 'void java.lang.invoke.DirectMethodHandle$Holder.invokeStatic(java.lang.Object, java.lang.Object, java.lang.Object)'> (0x00000000d57a9aa8) 
thrown [s\src\hotspot\share\interpreter\linkResolver.cpp, line 773]
Event: 0.592 Thread 0x000001d5d7d6d190 Exception <a 'java/lang/NoSuchMethodError'{0x00000000d5a12be8}: 'java.lang.Object java.lang.invoke.Invokers$Holder.invokeExact_MT(java.lang.Object, java.lang.Object, java.lang.Object, java.lang.Object, java.lang.Object)'> (0x00000000d5a12be8) 
thrown [s\src\hotspot\share\interpreter\linkResolver.cpp, line 773]
Event: 0.684 Thread 0x000001d5d7d6d190 Exception <a 'java/lang/NoSuchMethodError'{0x00000000d5b4bf60}: 'int java.lang.invoke.DirectMethodHandle$Holder.invokeSpecial(java.lang.Object, java.lang.Object, java.lang.Object, int)'> (0x00000000d5b4bf60) 
thrown [s\src\hotspot\share\interpreter\linkResolver.cpp, line 773]
Event: 0.689 Thread 0x000001d5d7d6d190 Exception <a 'java/lang/NoSuchMethodError'{0x00000000d5b5e948}: 'java.lang.Object java.lang.invoke.DirectMethodHandle$Holder.invokeStatic(java.lang.Object, java.lang.Object, java.lang.Object, java.lang.Object, int)'> (0x00000000d5b5e948) 
thrown [s\src\hotspot\share\interpreter\linkResolver.cpp, line 773]
Event: 0.692 Thread 0x000001d5d7d6d190 Exception <a 'java/lang/NoSuchMethodError'{0x00000000d5b69d88}: 'void java.lang.invoke.DelegatingMethodHandle$Holder.reinvoke_L(java.lang.Object, java.lang.Object, java.lang.Object, int, java.lang.Object)'> (0x00000000d5b69d88) 
thrown [s\src\hotspot\share\interpreter\linkResolver.cpp, line 773]
Event: 0.700 Thread 0x000001d5d7d6d190 Exception <a 'java/lang/NoSuchMethodError'{0x00000000d5b7a6d8}: 'int java.lang.invoke.DirectMethodHandle$Holder.invokeSpecial(java.lang.Object, java.lang.Object, java.lang.Object)'> (0x00000000d5b7a6d8) 
thrown [s\src\hotspot\share\interpreter\linkResolver.cpp, line 773]
Event: 0.703 Thread 0x000001d5d7d6d190 Exception <a 'java/lang/NoSuchMethodError'{0x00000000d5b86398}: 'java.lang.Object java.lang.invoke.DirectMethodHandle$Holder.invokeStatic(java.lang.Object, java.lang.Object, int)'> (0x00000000d5b86398) 
thrown [s\src\hotspot\share\interpreter\linkResolver.cpp, line 773]
Event: 0.705 Thread 0x000001d5d7d6d190 Exception <a 'java/lang/NoSuchMethodError'{0x00000000d5b8ace8}: 'void java.lang.invoke.DirectMethodHandle$Holder.invokeStatic(java.lang.Object, java.lang.Object, int, java.lang.Object)'> (0x00000000d5b8ace8) 
thrown [s\src\hotspot\share\interpreter\linkResolver.cpp, line 773]
Event: 0.706 Thread 0x000001d5d7d6d190 Exception <a 'java/lang/NoSuchMethodError'{0x00000000d5b8e878}: 'void java.lang.invoke.DirectMethodHandle$Holder.invokeSpecial(java.lang.Object, java.lang.Object, java.lang.Object, int, java.lang.Object)'> (0x00000000d5b8e878) 
thrown [s\src\hotspot\share\interpreter\linkResolver.cpp, line 773]
Event: 0.707 Thread 0x000001d5d7d6d190 Exception <a 'java/lang/NoSuchMethodError'{0x00000000d5b91f38}: 'void java.lang.invoke.DelegatingMethodHandle$Holder.delegate(java.lang.Object, java.lang.Object, int, java.lang.Object)'> (0x00000000d5b91f38) 
thrown [s\src\hotspot\share\interpreter\linkResolver.cpp, line 773]
Event: 0.873 Thread 0x000001d5d7d6d190 Exception <a 'java/lang/NoSuchMethodError'{0x00000000d5d51bc0}: 'void java.lang.invoke.DelegatingMethodHandle$Holder.reinvoke_L(java.lang.Object, java.lang.Object, java.lang.Object, int)'> (0x00000000d5d51bc0) 
thrown [s\src\hotspot\share\interpreter\linkResolver.cpp, line 773]
Event: 1.175 Thread 0x000001d5d7d6d190 Exception <a 'java/lang/NoSuchMethodError'{0x00000000d61de7e8}: 'void java.lang.invoke.DirectMethodHandle$Holder.invokeVirtual(java.lang.Object, java.lang.Object)'> (0x00000000d61de7e8) 
thrown [s\src\hotspot\share\interpreter\linkResolver.cpp, line 773]

ZGC Phase Switch (0 events):
No events

VM Operations (4 events):
Event: 0.396 Executing non-safepoint VM operation: HandshakeAllThreads (Deoptimize)
Event: 0.396 Executing non-safepoint VM operation: HandshakeAllThreads (Deoptimize) done
Event: 0.639 Executing non-safepoint VM operation: HandshakeAllThreads (Deoptimize)
Event: 0.639 Executing non-safepoint VM operation: HandshakeAllThreads (Deoptimize) done

Memory protections (0 events):
No events

Nmethod flushes (0 events):
No events

Events (18 events):
Event: 0.286 Thread 0x000001d5d7d6d190 Thread added: 0x000001d5d7d6d190
Event: 0.321 Thread 0x000001d5d7d6d190 Thread added: 0x000001d5d7d1db20
Event: 0.321 Thread 0x000001d5d7d6d190 Thread added: 0x000001d5d7e17310
Event: 0.322 Thread 0x000001d5d7d6d190 Thread added: 0x000001d5d7e19660
Event: 0.322 Thread 0x000001d5d7d6d190 Thread added: 0x000001d5d7e1a340
Event: 0.322 Thread 0x000001d5d7d6d190 Thread added: 0x000001d5d7e1c300
Event: 0.323 Thread 0x000001d5d7d6d190 Thread added: 0x000001d5d7e21370
Event: 0.323 Thread 0x000001d5d7d6d190 Thread added: 0x000001d5d7e27f70
Event: 0.323 Thread 0x000001d5d7d6d190 Thread added: 0x000001d5d7e2c5b0
Event: 0.395 Thread 0x000001d5d7e2c5b0 Thread added: 0x000001d5efbeb110
Event: 0.397 Thread 0x000001d5efbeb110 Thread added: 0x000001d5efbedae0
Event: 0.455 Thread 0x000001d5d7e2c5b0 Thread added: 0x000001d5efc446c0
Event: 0.496 Thread 0x000001d5d7d6d190 Thread added: 0x000001d5efd48a20
Event: 0.627 Thread 0x000001d5d7e2c5b0 Thread added: 0x000001d5efda6090
Event: 0.867 Thread 0x000001d5efc446c0 Thread exited: 0x000001d5efc446c0
Event: 1.056 Thread 0x000001d5d7d6d190 Thread added: 0x000001d5efd676e0
Event: 1.232 Thread 0x000001d5efda6090 Thread added: 0x000001d5efe54010
Event: 1.268 Thread 0x000001d5d7e27f70 Thread added: 0x000001d5f13d80d0


Dynamic libraries:
0x00007ff67f990000 - 0x00007ff67f99e000 	c:\Users\jenny\.vscode\extensions\redhat.java-1.54.0-win32-x64\jre\21.0.10-win32-x86_64\bin\java.exe
0x00007ffb258c0000 - 0x00007ffb25b27000 	C:\WINDOWS\SYSTEM32\ntdll.dll
0x00007ffb23680000 - 0x00007ffb23749000 	C:\WINDOWS\System32\KERNEL32.DLL
0x00007ffb22d70000 - 0x00007ffb23164000 	C:\WINDOWS\System32\KERNELBASE.dll
0x00007ffb22190000 - 0x00007ffb222db000 	C:\WINDOWS\System32\ucrtbase.dll
0x00007ffaf4cb0000 - 0x00007ffaf4cc8000 	c:\Users\jenny\.vscode\extensions\redhat.java-1.54.0-win32-x64\jre\21.0.10-win32-x86_64\bin\jli.dll
0x00007ffb238d0000 - 0x00007ffb23a95000 	C:\WINDOWS\System32\USER32.dll
0x00007ffb04fa0000 - 0x00007ffb05233000 	C:\WINDOWS\WinSxS\amd64_microsoft.windows.common-controls_6595b64144ccf1df_6.0.26100.8115_none_3e075c82e3354f9c\COMCTL32.dll
0x00007ffb23170000 - 0x00007ffb23197000 	C:\WINDOWS\System32\win32u.dll
0x00007ffb24450000 - 0x00007ffb244f9000 	C:\WINDOWS\System32\msvcrt.dll
0x00007ffb24990000 - 0x00007ffb249bb000 	C:\WINDOWS\System32\GDI32.dll
0x00007ffb23520000 - 0x00007ffb2364b000 	C:\WINDOWS\System32\gdi32full.dll
0x00007ffb231a0000 - 0x00007ffb23243000 	C:\WINDOWS\System32\msvcp_win.dll
0x00007ffaf3f10000 - 0x00007ffaf3f2e000 	c:\Users\jenny\.vscode\extensions\redhat.java-1.54.0-win32-x64\jre\21.0.10-win32-x86_64\bin\VCRUNTIME140.dll
0x00007ffb24b90000 - 0x00007ffb24bc2000 	C:\WINDOWS\System32\IMM32.DLL
0x00007ffafc350000 - 0x00007ffafc35c000 	c:\Users\jenny\.vscode\extensions\redhat.java-1.54.0-win32-x64\jre\21.0.10-win32-x86_64\bin\vcruntime140_1.dll
0x00007ffae1810000 - 0x00007ffae189d000 	c:\Users\jenny\.vscode\extensions\redhat.java-1.54.0-win32-x64\jre\21.0.10-win32-x86_64\bin\msvcp140.dll
0x00007ffa41070000 - 0x00007ffa41e11000 	c:\Users\jenny\.vscode\extensions\redhat.java-1.54.0-win32-x64\jre\21.0.10-win32-x86_64\bin\server\jvm.dll
0x00007ffb23750000 - 0x00007ffb23806000 	C:\WINDOWS\System32\ADVAPI32.dll
0x00007ffb257d0000 - 0x00007ffb25877000 	C:\WINDOWS\System32\sechost.dll
0x00007ffb25590000 - 0x00007ffb256a8000 	C:\WINDOWS\System32\RPCRT4.dll
0x00007ffb23ab0000 - 0x00007ffb23b30000 	C:\WINDOWS\System32\WS2_32.dll
0x00007ffb1a9b0000 - 0x00007ffb1a9e6000 	C:\WINDOWS\SYSTEM32\WINMM.dll
0x00007ffb22010000 - 0x00007ffb2206e000 	C:\WINDOWS\SYSTEM32\POWRPROF.dll
0x00007ffb1a9f0000 - 0x00007ffb1a9fb000 	C:\WINDOWS\SYSTEM32\VERSION.dll
0x00007ffb21ff0000 - 0x00007ffb22004000 	C:\WINDOWS\SYSTEM32\UMPDC.dll
0x00007ffb20ef0000 - 0x00007ffb20f0b000 	C:\WINDOWS\SYSTEM32\kernel.appcore.dll
0x00007ffafbe00000 - 0x00007ffafbe0a000 	c:\Users\jenny\.vscode\extensions\redhat.java-1.54.0-win32-x64\jre\21.0.10-win32-x86_64\bin\jimage.dll
0x00007ffb16570000 - 0x00007ffb167b2000 	C:\WINDOWS\SYSTEM32\DBGHELP.DLL
0x00007ffb24500000 - 0x00007ffb24882000 	C:\WINDOWS\System32\combase.dll
0x00007ffb24a30000 - 0x00007ffb24b08000 	C:\WINDOWS\System32\OLEAUT32.dll
0x00007ffb005f0000 - 0x00007ffb0062b000 	C:\WINDOWS\SYSTEM32\dbgcore.DLL
0x00007ffb22cc0000 - 0x00007ffb22d65000 	C:\WINDOWS\System32\bcryptPrimitives.dll
0x00007ffaf56f0000 - 0x00007ffaf56ff000 	c:\Users\jenny\.vscode\extensions\redhat.java-1.54.0-win32-x64\jre\21.0.10-win32-x86_64\bin\instrument.dll
0x00007ffaf3ef0000 - 0x00007ffaf3f10000 	c:\Users\jenny\.vscode\extensions\redhat.java-1.54.0-win32-x64\jre\21.0.10-win32-x86_64\bin\java.dll
0x00007ffb24db0000 - 0x00007ffb25517000 	C:\WINDOWS\System32\SHELL32.dll
0x00007ffb22b50000 - 0x00007ffb22cba000 	C:\WINDOWS\System32\wintypes.dll
0x00007ffb222e0000 - 0x00007ffb22b48000 	C:\WINDOWS\System32\windows.storage.dll
0x00007ffb24890000 - 0x00007ffb24988000 	C:\WINDOWS\System32\SHCORE.dll
0x00007ffb249c0000 - 0x00007ffb24a26000 	C:\WINDOWS\System32\shlwapi.dll
0x00007ffb220b0000 - 0x00007ffb220d9000 	C:\WINDOWS\SYSTEM32\profapi.dll
0x00007ffaed850000 - 0x00007ffaed868000 	c:\Users\jenny\.vscode\extensions\redhat.java-1.54.0-win32-x64\jre\21.0.10-win32-x86_64\bin\zip.dll
0x00007ffaf55a0000 - 0x00007ffaf55b0000 	C:\Users\jenny\.vscode\extensions\redhat.java-1.54.0-win32-x64\jre\21.0.10-win32-x86_64\bin\net.dll
0x00007ffb1a880000 - 0x00007ffb1a9ad000 	C:\WINDOWS\SYSTEM32\WINHTTP.dll
0x00007ffb21470000 - 0x00007ffb214dc000 	C:\WINDOWS\system32\mswsock.dll
0x00007ffaf2650000 - 0x00007ffaf2666000 	C:\Users\jenny\.vscode\extensions\redhat.java-1.54.0-win32-x64\jre\21.0.10-win32-x86_64\bin\nio.dll
0x00007ffaf5480000 - 0x00007ffaf5490000 	c:\Users\jenny\.vscode\extensions\redhat.java-1.54.0-win32-x64\jre\21.0.10-win32-x86_64\bin\verify.dll

JVMTI agents:
c:\Users\jenny\.vscode\extensions\redhat.java-1.54.0-win32-x64\lombok\lombok-1.18.39-4050.jar path:c:\Users\jenny\.vscode\extensions\redhat.java-1.54.0-win32-x64\jre\21.0.10-win32-x86_64\bin\instrument.dll, loaded, initialized, instrumentlib options:none

dbghelp: loaded successfully - version: 4.0.5 - missing functions: none
symbol engine: initialized successfully - sym options: 0x614 - pdb path: .;c:\Users\jenny\.vscode\extensions\redhat.java-1.54.0-win32-x64\jre\21.0.10-win32-x86_64\bin;C:\WINDOWS\SYSTEM32;C:\WINDOWS\WinSxS\amd64_microsoft.windows.common-controls_6595b64144ccf1df_6.0.26100.8115_none_3e075c82e3354f9c;c:\Users\jenny\.vscode\extensions\redhat.java-1.54.0-win32-x64\jre\21.0.10-win32-x86_64\bin\server

VM Arguments:
jvm_args: --add-modules=ALL-SYSTEM --add-opens=java.base/java.util=ALL-UNNAMED --add-opens=java.base/java.lang=ALL-UNNAMED --add-opens=java.base/sun.nio.fs=ALL-UNNAMED -Declipse.application=org.eclipse.jdt.ls.core.id1 -Dosgi.bundles.defaultStartLevel=4 -Declipse.product=org.eclipse.jdt.ls.core.product -Djava.import.generatesMetadataFilesAtProjectRoot=false -DDetectVMInstallationsJob.disabled=true -Dfile.encoding=utf8 -XX:+UseParallelGC -XX:GCTimeRatio=4 -XX:AdaptiveSizePolicyWeight=90 -Dsun.zip.disableMemoryMapping=true -Xmx2G -Xms100m -Xlog:disable -javaagent:c:\Users\jenny\.vscode\extensions\redhat.java-1.54.0-win32-x64\lombok\lombok-1.18.39-4050.jar 
java_command: c:\Users\jenny\.vscode\extensions\redhat.java-1.54.0-win32-x64\server\plugins\org.eclipse.equinox.launcher_1.7.100.v20251111-0406.jar -configuration c:\Users\jenny\AppData\Roaming\Code\User\globalStorage\redhat.java\1.54.0\config_ss_win -data c:\Users\jenny\AppData\Roaming\Code\User\workspaceStorage\20bad1af7d90c399d68b6e096fc4476d\redhat.java\ss_ws --pipe=\\.\pipe\lsp-e544e5cb9b29d92ebfb3c17001f2097c-sock
java_class_path (initial): c:\Users\jenny\.vscode\extensions\redhat.java-1.54.0-win32-x64\server\plugins\org.eclipse.equinox.launcher_1.7.100.v20251111-0406.jar
Launcher Type: SUN_STANDARD

[Global flags]
    uintx AdaptiveSizePolicyWeight                 = 90                                        {product} {command line}
     intx CICompilerCount                          = 12                                        {product} {ergonomic}
    uintx GCTimeRatio                              = 4                                         {product} {command line}
   size_t InitialHeapSize                          = 104857600                                 {product} {command line}
   size_t MaxHeapSize                              = 2147483648                                {product} {command line}
   size_t MaxNewSize                               = 715653120                                 {product} {ergonomic}
   size_t MinHeapDeltaBytes                        = 524288                                    {product} {ergonomic}
   size_t MinHeapSize                              = 104857600                                 {product} {command line}
   size_t NewSize                                  = 34603008                                  {product} {ergonomic}
    uintx NonNMethodCodeHeapSize                   = 7602480                                {pd product} {ergonomic}
    uintx NonProfiledCodeHeapSize                  = 122027880                              {pd product} {ergonomic}
   size_t OldSize                                  = 70254592                                  {product} {ergonomic}
    uintx ProfiledCodeHeapSize                     = 122027880                              {pd product} {ergonomic}
    uintx ReservedCodeCacheSize                    = 251658240                              {pd product} {ergonomic}
     bool SegmentedCodeCache                       = true                                      {product} {ergonomic}
   size_t SoftMaxHeapSize                          = 2147483648                             {manageable} {ergonomic}
     bool UseCompressedOops                        = true                           {product lp64_product} {ergonomic}
     bool UseLargePagesIndividualAllocation        = false                                  {pd product} {ergonomic}
     bool UseParallelGC                            = true                                      {product} {command line}

Logging:
Log output configuration:
 #0: stdout all=off uptime,level,tags foldmultilines=false
 #1: stderr all=off uptime,level,tags foldmultilines=false

Release file:
JAVA_VERSION="21.0.10" 
MODULES="java.base java.compiler java.datatransfer java.xml java.prefs java.desktop java.instrument java.logging java.management java.security.sasl java.naming java.rmi java.management.rmi java.net.http java.scripting java.security.jgss java.transaction.xa java.sql java.sql.rowset java.xml.crypto java.se java.smartcardio jdk.accessibility jdk.internal.jvmstat jdk.attach jdk.charsets jdk.internal.opt jdk.zipfs jdk.compiler jdk.crypto.ec jdk.crypto.cryptoki jdk.crypto.mscapi jdk.dynalink jdk.internal.ed jdk.editpad jdk.hotspot.agent jdk.httpserver jdk.internal.le jdk.internal.vm.ci jdk.internal.vm.compiler jdk.internal.vm.compiler.management jdk.jartool jdk.javadoc jdk.jcmd jdk.management jdk.management.agent jdk.jconsole jdk.jdeps jdk.jdwp.agent jdk.jdi jdk.jfr jdk.jshell jdk.jsobject jdk.jstatd jdk.localedata jdk.management.jfr jdk.naming.dns jdk.naming.rmi jdk.net jdk.nio.mapmode jdk.random jdk.sctp jdk.security.auth jdk.security.jgss jdk.unsupported jdk.unsupported.desktop jdk.xml.dom" 

Environment Variables:
PATH=C:\Program Files\Common Files\Oracle\Java\javapath;C:\windows\system32;C:\windows;C:\windows\System32\Wbem;C:\windows\System32\WindowsPowerShell\v1.0\;C:\windows\System32\OpenSSH\;C:\Program Files (x86)\NVIDIA Corporation\PhysX\Common;C:\Program Files\NVIDIA Corporation\NVIDIA NvDLISR;C:\WINDOWS\system32;C:\WINDOWS;C:\WINDOWS\System32\Wbem;C:\WINDOWS\System32\WindowsPowerShell\v1.0\;C:\WINDOWS\System32\OpenSSH\;C:\ProgramData\chocolatey\bin;C:\Program Files (x86)\Boxcryptor\bin\;C:\Program Files\dotnet\;C:\Program Files\Java\jdk-23\bin;C:\Program Files\Wolfram Research\WolframScript\;C:\Program Files\CMake\bin;C:\WINDOWS\system32;C:\WINDOWS;C:\WINDOWS\System32\Wbem;C:\WINDOWS\System32\WindowsPowerShell\v1.0\;C:\WINDOWS\System32\OpenSSH\;C:\Program Files\Git\cmd;C:\Users\jenny\AppData\Local\Microsoft\WindowsApps;C:\Users\jenny\AppData\Local\Programs\Microsoft VS Code\bin;C:\msys64\ucrt64\bin;\\wsl.localhost\Ubuntu-16.04\usr\bin\gcc;C:\Users\jenny\AppData\Local\GitHubDesktop\bin
USERNAME=jenny
OS=Windows_NT
PROCESSOR_IDENTIFIER=AMD64 Family 25 Model 80 Stepping 0, AuthenticAMD
TMP=C:\Users\jenny\AppData\Local\Temp
TEMP=C:\Users\jenny\AppData\Local\Temp




Periodic native trim disabled

---------------  S Y S T E M  ---------------

OS:
 Windows 11 , 64 bit Build 26100 (10.0.26100.8246)
OS uptime: 8 days 11:54 hours
Hyper-V role detected

CPU: total 16 (initial active 16) (16 cores per cpu, 2 threads per core) family 25 model 80 stepping 0 microcode 0xa50000d, cx8, cmov, fxsr, ht, mmx, 3dnowpref, sse, sse2, sse3, ssse3, sse4a, sse4.1, sse4.2, popcnt, lzcnt, tsc, tscinvbit, avx, avx2, aes, erms, clmul, bmi1, bmi2, adx, sha, fma, vzeroupper, clflush, clflushopt, hv, rdtscp, rdpid, fsrm, f16c, cet_ss
Processor Information for processor 0
  Max Mhz: 3201, Current Mhz: 1882, Mhz Limit: 3201
Processor Information for processor 1
  Max Mhz: 3201, Current Mhz: 1882, Mhz Limit: 3201
Processor Information for processor 2
  Max Mhz: 3201, Current Mhz: 1802, Mhz Limit: 3201
Processor Information for processor 3
  Max Mhz: 3201, Current Mhz: 1882, Mhz Limit: 3201
Processor Information for processor 4
  Max Mhz: 3201, Current Mhz: 1882, Mhz Limit: 3201
Processor Information for processor 5
  Max Mhz: 3201, Current Mhz: 1882, Mhz Limit: 3201
Processor Information for processor 6
  Max Mhz: 3201, Current Mhz: 1882, Mhz Limit: 3201
Processor Information for processor 7
  Max Mhz: 3201, Current Mhz: 1882, Mhz Limit: 3201
Processor Information for processor 8
  Max Mhz: 3201, Current Mhz: 1882, Mhz Limit: 3201
Processor Information for processor 9
  Max Mhz: 3201, Current Mhz: 1882, Mhz Limit: 3201
Processor Information for processor 10
  Max Mhz: 3201, Current Mhz: 1882, Mhz Limit: 3201
Processor Information for processor 11
  Max Mhz: 3201, Current Mhz: 1882, Mhz Limit: 3201
Processor Information for processor 12
  Max Mhz: 3201, Current Mhz: 1882, Mhz Limit: 3201
Processor Information for processor 13
  Max Mhz: 3201, Current Mhz: 1882, Mhz Limit: 3201
Processor Information for processor 14
  Max Mhz: 3201, Current Mhz: 1882, Mhz Limit: 3201
Processor Information for processor 15
  Max Mhz: 3201, Current Mhz: 1882, Mhz Limit: 3201

Memory: 4k page, system-wide physical 15713M (2371M free)
TotalPageFile size 21619M (AvailPageFile size 1M)
current process WorkingSet (physical memory assigned to process): 67M, peak: 67M
current process commit charge ("private bytes"): 252M, peak: 252M

vm_info: OpenJDK 64-Bit Server VM (21.0.10+7-LTS) for windows-amd64 JRE (21.0.10+7-LTS), built on 2026-01-20T00:00:00Z by "admin" with MS VC++ 17.12 (VS2022)

END.
